-------------------------------------------------------------------------------
Test set: Test.Runner
-------------------------------------------------------------------------------
Tests run: 5, Failures: 0, Errors: 4, Skipped: 0, Time elapsed: 2.17 sec <<< FAILURE! - in Test.Runner
[2:15] Send Get request by valid(Manish Sir) as User Name([SimpleTest])  Time elapsed: 0.333 sec  <<< ERROR!
com.intuit.karate.exception.KarateException: SimpleTest.feature:18 - path: , actual: '<html>
<body>
<h2>500 Internal Server Error</h2>
</body>
</html>
', expected: '"hello Manish Sir"', reason: not equal
	at ✽.Then match response == '"hello Manish Sir"' (SimpleTest.feature:18)

[3:21] Send Get request by valid(Parbati) as User Name([SimpleTest])  Time elapsed: 0.019 sec  <<< ERROR!
com.intuit.karate.exception.KarateException: SimpleTest.feature:24 - path: , actual: '<html>
<body>
<h2>500 Internal Server Error</h2>
</body>
</html>
', expected: '"hello Parbati ji"', reason: not equal
	at ✽.Then match response == '"hello Parbati ji"' (SimpleTest.feature:24)

[4:27] Send Get request by valid(Sanjeev) as User Name([SimpleTest])  Time elapsed: 0.026 sec  <<< ERROR!
com.intuit.karate.exception.KarateException: SimpleTest.feature:30 - path: , actual: '<html>
<body>
<h2>500 Internal Server Error</h2>
</body>
</html>
', expected: '"hello Sanjeev"', reason: not equal
	at ✽.Then match response == '"hello Sanjeev"' (SimpleTest.feature:30)

[5:34] Send Get request by valid(Sushan) as User Name([SimpleTest])  Time elapsed: 0.025 sec  <<< ERROR!
com.intuit.karate.exception.KarateException: SimpleTest.feature:37 - path: , actual: '<html>
<body>
<h2>500 Internal Server Error</h2>
</body>
</html>
', expected: '"hello Sushan Dai"', reason: not equal
	at ✽.Then match response == '"hello Sushan Dai"' (SimpleTest.feature:37)

